{"level":"info","message":"Database connection established","service":"user-service"}
{"level":"info","message":"Database connection established","service":"user-service"}
{"level":"info","message":"Database connection established","service":"user-service"}
{"level":"info","message":"Database connection established","service":"user-service"}
{"level":"info","message":"Database connection established","service":"user-service"}
{"level":"info","message":"Database connection established","service":"user-service"}
{"level":"info","message":"Database connection established","service":"user-service"}
{"level":"info","message":"Database connection established","service":"user-service"}
{"level":"info","message":"Database connection established","service":"user-service"}
{"level":"info","message":"Database connection established","service":"user-service"}
{"level":"info","message":"Database connection established","service":"user-service"}
{"level":"info","message":"Database connection established","service":"user-service"}
{"level":"info","message":"Database connection established","service":"user-service"}
{"level":"info","message":"Database connection established","service":"user-service"}
{"level":"info","message":"Database connection established","service":"user-service"}
{"level":"info","message":"Database connection established","service":"user-service"}
{"level":"info","message":"Database connection established","service":"user-service"}
{"level":"info","message":"Database connection established","service":"user-service"}
{"level":"info","message":"Database connection established","service":"user-service"}
{"level":"info","message":"Database connection established","service":"user-service"}
{"level":"info","message":"Database connection established","service":"user-service"}
{"level":"info","message":"Database connection established","service":"user-service"}
{"level":"info","message":"Database connection established","service":"user-service"}
{"level":"info","message":"Database connection established","service":"user-service"}
{"level":"info","message":"Database connection established","service":"user-service"}
{"level":"info","message":"Database connection established","service":"user-service"}
{"level":"info","message":"Database connection established","service":"user-service"}
{"level":"info","message":"Database connection established","service":"user-service"}
{"level":"info","message":"Database connection established","service":"user-service"}
{"level":"error","message":"DATABxASE is not defined","service":"user-service"}
{"level":"info","message":"Database connection established","service":"user-service"}
{"level":"info","message":"Database connection established","service":"user-service"}
{"level":"info","message":"Database connection established","service":"user-service"}
{"level":"info","message":"Database connection established","service":"user-service"}
{"level":"info","message":"Database connection established","service":"user-service"}
{"level":"info","message":"Database connection established","service":"user-service"}
{"level":"info","message":"Database connection established","service":"user-service"}
{"level":"info","message":"Database connection established","service":"user-service"}
{"level":"info","message":"Database connection established"}
{"level":"info","message":"Database connection established"}
2023-11-28T14:42:38.449Z [right meow!] info: Database connection established
2023-11-28T14:42:47.027Z [right meow!] info: Database connection established
2023-11-28T14:44:50.921Z [right meow!] error: DATABdASE is not defined
2023-11-28T14:45:38.489Z [right meow!] info: Database connection established
2023-11-28T14:46:14.042Z [right meow!] info: Database connection established
2023-11-28T14:46:23.113Z [right meow!] info: Database connection established
2023-11-28T14:47:25.722Z [right meow!] info: Database connection established
2023-11-28T14:47:27.895Z [right meow!] info: Database connection established
2023-11-28T14:47:32.380Z [right meow!] info: Database connection established
2023-11-28T14:47:33.458Z [right meow!] info: Database connection established
